{"/Users/jesper/dev/crypto-price-sniffer/src/app.js": {"path":"/Users/jesper/dev/crypto-price-sniffer/src/app.js","statementMap":{"0":{"start":{"line":2,"column":0},"end":{"line":2,"column":16}},"1":{"start":{"line":7,"column":15},"end":{"line":7,"column":42}},"2":{"start":{"line":8,"column":18},"end":{"line":8,"column":48}},"3":{"start":{"line":9,"column":22},"end":{"line":9,"column":48}},"4":{"start":{"line":11,"column":15},"end":{"line":11,"column":42}},"5":{"start":{"line":12,"column":22},"end":{"line":12,"column":27}},"6":{"start":{"line":14,"column":19},"end":{"line":26,"column":1}},"7":{"start":{"line":15,"column":19},"end":{"line":15,"column":41}},"8":{"start":{"line":16,"column":17},"end":{"line":16,"column":32}},"9":{"start":{"line":17,"column":26},"end":{"line":17,"column":56}},"10":{"start":{"line":18,"column":24},"end":{"line":22,"column":3}},"11":{"start":{"line":23,"column":2},"end":{"line":25,"column":3}},"12":{"start":{"line":24,"column":4},"end":{"line":24,"column":32}},"13":{"start":{"line":27,"column":0},"end":{"line":27,"column":32}}},"fnMap":{"0":{"name":"(anonymous_0)","decl":{"start":{"line":14,"column":19},"end":{"line":14,"column":20}},"loc":{"start":{"line":14,"column":31},"end":{"line":26,"column":1}},"line":14}},"branchMap":{"0":{"loc":{"start":{"line":23,"column":2},"end":{"line":25,"column":3}},"type":"if","locations":[{"start":{"line":23,"column":2},"end":{"line":25,"column":3}},{"start":{},"end":{}}],"line":23}},"s":{"0":1,"1":1,"2":1,"3":1,"4":1,"5":1,"6":1,"7":2,"8":2,"9":2,"10":2,"11":2,"12":1,"13":1},"f":{"0":2},"b":{"0":[1,1]},"_coverageSchema":"1a1c01bbd47fc00a2c39e90264f33305004495a9","hash":"6159ff18d8e79af1ef82e7d66551228d70e9964e"}
,"/Users/jesper/dev/crypto-price-sniffer/src/db.js": {"path":"/Users/jesper/dev/crypto-price-sniffer/src/db.js","statementMap":{"0":{"start":{"line":2,"column":0},"end":{"line":2,"column":16}},"1":{"start":{"line":12,"column":55},"end":{"line":12,"column":66}},"2":{"start":{"line":13,"column":12},"end":{"line":13,"column":77}},"3":{"start":{"line":14,"column":15},"end":{"line":14,"column":35}},"4":{"start":{"line":15,"column":15},"end":{"line":15,"column":39}},"5":{"start":{"line":17,"column":28},"end":{"line":34,"column":1}},"6":{"start":{"line":18,"column":2},"end":{"line":33,"column":3}},"7":{"start":{"line":19,"column":4},"end":{"line":19,"column":27}},"8":{"start":{"line":20,"column":15},"end":{"line":20,"column":32}},"9":{"start":{"line":21,"column":23},"end":{"line":21,"column":46}},"10":{"start":{"line":22,"column":21},"end":{"line":22,"column":50}},"11":{"start":{"line":24,"column":22},"end":{"line":24,"column":50}},"12":{"start":{"line":25,"column":4},"end":{"line":25,"column":49}},"13":{"start":{"line":26,"column":4},"end":{"line":28,"column":5}},"14":{"start":{"line":27,"column":6},"end":{"line":27,"column":45}},"15":{"start":{"line":29,"column":4},"end":{"line":29,"column":19}},"16":{"start":{"line":32,"column":4},"end":{"line":32,"column":61}},"17":{"start":{"line":37,"column":31},"end":{"line":65,"column":1}},"18":{"start":{"line":38,"column":2},"end":{"line":64,"column":3}},"19":{"start":{"line":39,"column":4},"end":{"line":39,"column":27}},"20":{"start":{"line":40,"column":15},"end":{"line":40,"column":32}},"21":{"start":{"line":41,"column":21},"end":{"line":41,"column":61}},"22":{"start":{"line":42,"column":19},"end":{"line":42,"column":43}},"23":{"start":{"line":44,"column":25},"end":{"line":51,"column":5}},"24":{"start":{"line":46,"column":8},"end":{"line":49,"column":13}},"25":{"start":{"line":53,"column":4},"end":{"line":53,"column":19}},"26":{"start":{"line":55,"column":4},"end":{"line":58,"column":6}},"27":{"start":{"line":59,"column":4},"end":{"line":59,"column":24}},"28":{"start":{"line":62,"column":4},"end":{"line":62,"column":33}},"29":{"start":{"line":63,"column":4},"end":{"line":63,"column":16}},"30":{"start":{"line":67,"column":33},"end":{"line":71,"column":4}},"31":{"start":{"line":68,"column":2},"end":{"line":71,"column":4}},"32":{"start":{"line":69,"column":17},"end":{"line":69,"column":64}},"33":{"start":{"line":69,"column":45},"end":{"line":69,"column":63}},"34":{"start":{"line":70,"column":4},"end":{"line":70,"column":71}},"35":{"start":{"line":73,"column":32},"end":{"line":108,"column":1}},"36":{"start":{"line":78,"column":2},"end":{"line":107,"column":3}},"37":{"start":{"line":79,"column":4},"end":{"line":79,"column":27}},"38":{"start":{"line":80,"column":15},"end":{"line":80,"column":32}},"39":{"start":{"line":81,"column":23},"end":{"line":81,"column":50}},"40":{"start":{"line":82,"column":27},"end":{"line":85,"column":6}},"41":{"start":{"line":86,"column":4},"end":{"line":86,"column":50}},"42":{"start":{"line":87,"column":4},"end":{"line":100,"column":5}},"43":{"start":{"line":88,"column":24},"end":{"line":91,"column":31}},"44":{"start":{"line":92,"column":28},"end":{"line":92,"column":53}},"45":{"start":{"line":93,"column":6},"end":{"line":93,"column":77}},"46":{"start":{"line":94,"column":6},"end":{"line":94,"column":21}},"47":{"start":{"line":95,"column":6},"end":{"line":95,"column":38}},"48":{"start":{"line":96,"column":29},"end":{"line":98,"column":12}},"49":{"start":{"line":99,"column":6},"end":{"line":99,"column":55}},"50":{"start":{"line":101,"column":4},"end":{"line":101,"column":19}},"51":{"start":{"line":102,"column":4},"end":{"line":102,"column":14}},"52":{"start":{"line":105,"column":4},"end":{"line":105,"column":59}},"53":{"start":{"line":106,"column":4},"end":{"line":106,"column":16}}},"fnMap":{"0":{"name":"(anonymous_0)","decl":{"start":{"line":17,"column":28},"end":{"line":17,"column":29}},"loc":{"start":{"line":17,"column":46},"end":{"line":34,"column":1}},"line":17},"1":{"name":"(anonymous_1)","decl":{"start":{"line":37,"column":31},"end":{"line":37,"column":32}},"loc":{"start":{"line":37,"column":59},"end":{"line":65,"column":1}},"line":37},"2":{"name":"(anonymous_2)","decl":{"start":{"line":45,"column":6},"end":{"line":45,"column":7}},"loc":{"start":{"line":46,"column":8},"end":{"line":49,"column":13}},"line":46},"3":{"name":"(anonymous_3)","decl":{"start":{"line":67,"column":33},"end":{"line":67,"column":34}},"loc":{"start":{"line":68,"column":2},"end":{"line":71,"column":4}},"line":68},"4":{"name":"(anonymous_4)","decl":{"start":{"line":68,"column":16},"end":{"line":68,"column":17}},"loc":{"start":{"line":68,"column":45},"end":{"line":71,"column":3}},"line":68},"5":{"name":"(anonymous_5)","decl":{"start":{"line":69,"column":37},"end":{"line":69,"column":38}},"loc":{"start":{"line":69,"column":45},"end":{"line":69,"column":63}},"line":69},"6":{"name":"(anonymous_6)","decl":{"start":{"line":73,"column":32},"end":{"line":73,"column":33}},"loc":{"start":{"line":77,"column":5},"end":{"line":108,"column":1}},"line":77}},"branchMap":{"0":{"loc":{"start":{"line":26,"column":4},"end":{"line":28,"column":5}},"type":"if","locations":[{"start":{"line":26,"column":4},"end":{"line":28,"column":5}},{"start":{},"end":{}}],"line":26},"1":{"loc":{"start":{"line":46,"column":8},"end":{"line":49,"column":13}},"type":"cond-expr","locations":[{"start":{"line":48,"column":12},"end":{"line":48,"column":13}},{"start":{"line":49,"column":12},"end":{"line":49,"column":13}}],"line":46},"2":{"loc":{"start":{"line":70,"column":11},"end":{"line":70,"column":70}},"type":"cond-expr","locations":[{"start":{"line":70,"column":18},"end":{"line":70,"column":62}},{"start":{"line":70,"column":65},"end":{"line":70,"column":70}}],"line":70},"3":{"loc":{"start":{"line":70,"column":18},"end":{"line":70,"column":62}},"type":"binary-expr","locations":[{"start":{"line":70,"column":18},"end":{"line":70,"column":36}},{"start":{"line":70,"column":40},"end":{"line":70,"column":62}}],"line":70},"4":{"loc":{"start":{"line":87,"column":4},"end":{"line":100,"column":5}},"type":"if","locations":[{"start":{"line":87,"column":4},"end":{"line":100,"column":5}},{"start":{},"end":{}}],"line":87},"5":{"loc":{"start":{"line":96,"column":29},"end":{"line":98,"column":12}},"type":"cond-expr","locations":[{"start":{"line":97,"column":10},"end":{"line":97,"column":33}},{"start":{"line":98,"column":10},"end":{"line":98,"column":12}}],"line":96}},"s":{"0":2,"1":2,"2":2,"3":2,"4":2,"5":2,"6":2,"7":2,"8":2,"9":2,"10":2,"11":2,"12":2,"13":2,"14":1,"15":2,"16":0,"17":2,"18":0,"19":0,"20":0,"21":0,"22":0,"23":0,"24":0,"25":0,"26":0,"27":0,"28":0,"29":0,"30":2,"31":1,"32":2,"33":3,"34":2,"35":2,"36":1,"37":1,"38":1,"39":1,"40":1,"41":1,"42":1,"43":0,"44":0,"45":0,"46":0,"47":0,"48":0,"49":0,"50":1,"51":1,"52":0,"53":0},"f":{"0":2,"1":0,"2":0,"3":1,"4":2,"5":3,"6":1},"b":{"0":[1,1],"1":[0,0],"2":[2,0],"3":[2,2],"4":[0,1],"5":[0,0]},"_coverageSchema":"1a1c01bbd47fc00a2c39e90264f33305004495a9","hash":"576d29623dd323fb9c34549c5fa914f819f39885"}
,"/Users/jesper/dev/crypto-price-sniffer/src/helpers.js": {"path":"/Users/jesper/dev/crypto-price-sniffer/src/helpers.js","statementMap":{"0":{"start":{"line":7,"column":23},"end":{"line":7,"column":42}},"1":{"start":{"line":9,"column":32},"end":{"line":12,"column":1}},"2":{"start":{"line":11,"column":2},"end":{"line":11,"column":68}},"3":{"start":{"line":14,"column":40},"end":{"line":17,"column":1}},"4":{"start":{"line":16,"column":2},"end":{"line":16,"column":56}},"5":{"start":{"line":19,"column":25},"end":{"line":22,"column":3}},"6":{"start":{"line":20,"column":2},"end":{"line":22,"column":3}},"7":{"start":{"line":21,"column":26},"end":{"line":21,"column":72}},"8":{"start":{"line":24,"column":41},"end":{"line":29,"column":1}},"9":{"start":{"line":25,"column":16},"end":{"line":27,"column":3}},"10":{"start":{"line":26,"column":16},"end":{"line":26,"column":64}},"11":{"start":{"line":28,"column":2},"end":{"line":28,"column":37}},"12":{"start":{"line":31,"column":36},"end":{"line":36,"column":1}},"13":{"start":{"line":32,"column":18},"end":{"line":34,"column":3}},"14":{"start":{"line":33,"column":14},"end":{"line":33,"column":64}},"15":{"start":{"line":35,"column":2},"end":{"line":35,"column":47}},"16":{"start":{"line":38,"column":28},"end":{"line":45,"column":4}},"17":{"start":{"line":39,"column":2},"end":{"line":45,"column":4}},"18":{"start":{"line":40,"column":4},"end":{"line":44,"column":6}},"19":{"start":{"line":47,"column":37},"end":{"line":51,"column":25}},"20":{"start":{"line":48,"column":2},"end":{"line":51,"column":25}},"21":{"start":{"line":50,"column":26},"end":{"line":50,"column":33}},"22":{"start":{"line":51,"column":20},"end":{"line":51,"column":24}},"23":{"start":{"line":53,"column":28},"end":{"line":70,"column":1}},"24":{"start":{"line":54,"column":21},"end":{"line":54,"column":55}},"25":{"start":{"line":55,"column":14},"end":{"line":55,"column":132}},"26":{"start":{"line":57,"column":2},"end":{"line":69,"column":3}},"27":{"start":{"line":58,"column":21},"end":{"line":58,"column":41}},"28":{"start":{"line":59,"column":4},"end":{"line":66,"column":8}},"29":{"start":{"line":59,"column":43},"end":{"line":66,"column":5}},"30":{"start":{"line":68,"column":4},"end":{"line":68,"column":55}},"31":{"start":{"line":72,"column":31},"end":{"line":87,"column":1}},"32":{"start":{"line":73,"column":2},"end":{"line":86,"column":3}},"33":{"start":{"line":74,"column":26},"end":{"line":74,"column":74}},"34":{"start":{"line":74,"column":48},"end":{"line":74,"column":73}},"35":{"start":{"line":75,"column":27},"end":{"line":80,"column":5}},"36":{"start":{"line":77,"column":8},"end":{"line":79,"column":9}},"37":{"start":{"line":78,"column":18},"end":{"line":78,"column":66}},"38":{"start":{"line":82,"column":4},"end":{"line":82,"column":50}},"39":{"start":{"line":83,"column":4},"end":{"line":85,"column":5}},"40":{"start":{"line":84,"column":6},"end":{"line":84,"column":47}}},"fnMap":{"0":{"name":"(anonymous_0)","decl":{"start":{"line":9,"column":32},"end":{"line":9,"column":33}},"loc":{"start":{"line":9,"column":51},"end":{"line":12,"column":1}},"line":9},"1":{"name":"(anonymous_1)","decl":{"start":{"line":14,"column":40},"end":{"line":14,"column":41}},"loc":{"start":{"line":14,"column":53},"end":{"line":17,"column":1}},"line":14},"2":{"name":"(anonymous_2)","decl":{"start":{"line":19,"column":25},"end":{"line":19,"column":26}},"loc":{"start":{"line":20,"column":2},"end":{"line":22,"column":3}},"line":20},"3":{"name":"(anonymous_3)","decl":{"start":{"line":21,"column":4},"end":{"line":21,"column":5}},"loc":{"start":{"line":21,"column":26},"end":{"line":21,"column":72}},"line":21},"4":{"name":"(anonymous_4)","decl":{"start":{"line":24,"column":41},"end":{"line":24,"column":42}},"loc":{"start":{"line":24,"column":54},"end":{"line":29,"column":1}},"line":24},"5":{"name":"(anonymous_5)","decl":{"start":{"line":26,"column":4},"end":{"line":26,"column":5}},"loc":{"start":{"line":26,"column":16},"end":{"line":26,"column":64}},"line":26},"6":{"name":"(anonymous_6)","decl":{"start":{"line":31,"column":36},"end":{"line":31,"column":37}},"loc":{"start":{"line":31,"column":48},"end":{"line":36,"column":1}},"line":31},"7":{"name":"(anonymous_7)","decl":{"start":{"line":33,"column":4},"end":{"line":33,"column":5}},"loc":{"start":{"line":33,"column":14},"end":{"line":33,"column":64}},"line":33},"8":{"name":"(anonymous_8)","decl":{"start":{"line":38,"column":28},"end":{"line":38,"column":29}},"loc":{"start":{"line":39,"column":2},"end":{"line":45,"column":4}},"line":39},"9":{"name":"(anonymous_9)","decl":{"start":{"line":39,"column":13},"end":{"line":39,"column":14}},"loc":{"start":{"line":39,"column":28},"end":{"line":45,"column":3}},"line":39},"10":{"name":"(anonymous_10)","decl":{"start":{"line":47,"column":37},"end":{"line":47,"column":38}},"loc":{"start":{"line":48,"column":2},"end":{"line":51,"column":25}},"line":48},"11":{"name":"(anonymous_11)","decl":{"start":{"line":50,"column":9},"end":{"line":50,"column":10}},"loc":{"start":{"line":50,"column":26},"end":{"line":50,"column":33}},"line":50},"12":{"name":"(anonymous_12)","decl":{"start":{"line":51,"column":12},"end":{"line":51,"column":13}},"loc":{"start":{"line":51,"column":20},"end":{"line":51,"column":24}},"line":51},"13":{"name":"(anonymous_13)","decl":{"start":{"line":53,"column":28},"end":{"line":53,"column":29}},"loc":{"start":{"line":53,"column":43},"end":{"line":70,"column":1}},"line":53},"14":{"name":"(anonymous_14)","decl":{"start":{"line":59,"column":33},"end":{"line":59,"column":34}},"loc":{"start":{"line":59,"column":43},"end":{"line":66,"column":5}},"line":59},"15":{"name":"(anonymous_15)","decl":{"start":{"line":72,"column":31},"end":{"line":72,"column":32}},"loc":{"start":{"line":72,"column":79},"end":{"line":87,"column":1}},"line":72},"16":{"name":"(anonymous_16)","decl":{"start":{"line":74,"column":37},"end":{"line":74,"column":38}},"loc":{"start":{"line":74,"column":48},"end":{"line":74,"column":73}},"line":74},"17":{"name":"(anonymous_17)","decl":{"start":{"line":76,"column":6},"end":{"line":76,"column":7}},"loc":{"start":{"line":77,"column":8},"end":{"line":79,"column":9}},"line":77},"18":{"name":"(anonymous_18)","decl":{"start":{"line":78,"column":10},"end":{"line":78,"column":11}},"loc":{"start":{"line":78,"column":18},"end":{"line":78,"column":66}},"line":78}},"branchMap":{"0":{"loc":{"start":{"line":21,"column":26},"end":{"line":21,"column":72}},"type":"binary-expr","locations":[{"start":{"line":21,"column":26},"end":{"line":21,"column":46}},{"start":{"line":21,"column":50},"end":{"line":21,"column":72}}],"line":21},"1":{"loc":{"start":{"line":28,"column":9},"end":{"line":28,"column":36}},"type":"cond-expr","locations":[{"start":{"line":28,"column":17},"end":{"line":28,"column":29}},{"start":{"line":28,"column":32},"end":{"line":28,"column":36}}],"line":28},"2":{"loc":{"start":{"line":35,"column":9},"end":{"line":35,"column":46}},"type":"cond-expr","locations":[{"start":{"line":35,"column":26},"end":{"line":35,"column":39}},{"start":{"line":35,"column":42},"end":{"line":35,"column":46}}],"line":35},"3":{"loc":{"start":{"line":72,"column":32},"end":{"line":72,"column":43}},"type":"default-arg","locations":[{"start":{"line":72,"column":41},"end":{"line":72,"column":43}}],"line":72},"4":{"loc":{"start":{"line":72,"column":45},"end":{"line":72,"column":58}},"type":"default-arg","locations":[{"start":{"line":72,"column":56},"end":{"line":72,"column":58}}],"line":72},"5":{"loc":{"start":{"line":72,"column":60},"end":{"line":72,"column":74}},"type":"default-arg","locations":[{"start":{"line":72,"column":72},"end":{"line":72,"column":74}}],"line":72},"6":{"loc":{"start":{"line":73,"column":2},"end":{"line":86,"column":3}},"type":"if","locations":[{"start":{"line":73,"column":2},"end":{"line":86,"column":3}},{"start":{},"end":{}}],"line":73},"7":{"loc":{"start":{"line":83,"column":4},"end":{"line":85,"column":5}},"type":"if","locations":[{"start":{"line":83,"column":4},"end":{"line":85,"column":5}},{"start":{},"end":{}}],"line":83}},"s":{"0":3,"1":3,"2":1,"3":3,"4":2,"5":3,"6":3,"7":3,"8":3,"9":2,"10":13075,"11":2,"12":3,"13":3,"14":34812,"15":3,"16":3,"17":2,"18":2,"19":3,"20":4,"21":10,"22":10,"23":3,"24":2,"25":2,"26":2,"27":2,"28":1,"29":1,"30":1,"31":3,"32":7,"33":4,"34":4,"35":4,"36":4,"37":4,"38":4,"39":4,"40":1},"f":{"0":1,"1":2,"2":3,"3":3,"4":2,"5":13075,"6":3,"7":34812,"8":2,"9":2,"10":4,"11":10,"12":10,"13":2,"14":1,"15":7,"16":4,"17":4,"18":4},"b":{"0":[3,2],"1":[1,1],"2":[2,1],"3":[1],"4":[1],"5":[1],"6":[4,3],"7":[1,3]},"_coverageSchema":"1a1c01bbd47fc00a2c39e90264f33305004495a9","hash":"bdb0c06cf13fa560b1865b90ab67b0f7657ffd95"}
}
