{"/Users/jesper/dev/crypto-price-sniffer/src/helpers.js": {"path":"/Users/jesper/dev/crypto-price-sniffer/src/helpers.js","statementMap":{"0":{"start":{"line":7,"column":23},"end":{"line":7,"column":42}},"1":{"start":{"line":9,"column":32},"end":{"line":12,"column":1}},"2":{"start":{"line":11,"column":2},"end":{"line":11,"column":68}},"3":{"start":{"line":14,"column":40},"end":{"line":17,"column":1}},"4":{"start":{"line":16,"column":2},"end":{"line":16,"column":56}},"5":{"start":{"line":19,"column":25},"end":{"line":22,"column":3}},"6":{"start":{"line":20,"column":2},"end":{"line":22,"column":3}},"7":{"start":{"line":21,"column":26},"end":{"line":21,"column":72}},"8":{"start":{"line":24,"column":41},"end":{"line":29,"column":1}},"9":{"start":{"line":25,"column":16},"end":{"line":27,"column":3}},"10":{"start":{"line":26,"column":16},"end":{"line":26,"column":64}},"11":{"start":{"line":28,"column":2},"end":{"line":28,"column":37}},"12":{"start":{"line":31,"column":36},"end":{"line":36,"column":1}},"13":{"start":{"line":32,"column":18},"end":{"line":34,"column":3}},"14":{"start":{"line":33,"column":14},"end":{"line":33,"column":64}},"15":{"start":{"line":35,"column":2},"end":{"line":35,"column":47}},"16":{"start":{"line":38,"column":28},"end":{"line":45,"column":4}},"17":{"start":{"line":39,"column":2},"end":{"line":45,"column":4}},"18":{"start":{"line":40,"column":4},"end":{"line":44,"column":6}},"19":{"start":{"line":47,"column":37},"end":{"line":51,"column":25}},"20":{"start":{"line":48,"column":2},"end":{"line":51,"column":25}},"21":{"start":{"line":50,"column":26},"end":{"line":50,"column":33}},"22":{"start":{"line":51,"column":20},"end":{"line":51,"column":24}},"23":{"start":{"line":53,"column":28},"end":{"line":70,"column":1}},"24":{"start":{"line":54,"column":21},"end":{"line":54,"column":55}},"25":{"start":{"line":55,"column":14},"end":{"line":55,"column":132}},"26":{"start":{"line":57,"column":2},"end":{"line":69,"column":3}},"27":{"start":{"line":58,"column":21},"end":{"line":58,"column":41}},"28":{"start":{"line":59,"column":4},"end":{"line":66,"column":8}},"29":{"start":{"line":59,"column":43},"end":{"line":66,"column":5}},"30":{"start":{"line":68,"column":4},"end":{"line":68,"column":55}},"31":{"start":{"line":72,"column":31},"end":{"line":87,"column":1}},"32":{"start":{"line":73,"column":2},"end":{"line":86,"column":3}},"33":{"start":{"line":74,"column":26},"end":{"line":74,"column":74}},"34":{"start":{"line":74,"column":48},"end":{"line":74,"column":73}},"35":{"start":{"line":75,"column":27},"end":{"line":80,"column":5}},"36":{"start":{"line":77,"column":8},"end":{"line":79,"column":9}},"37":{"start":{"line":78,"column":18},"end":{"line":78,"column":66}},"38":{"start":{"line":82,"column":4},"end":{"line":82,"column":50}},"39":{"start":{"line":83,"column":4},"end":{"line":85,"column":5}},"40":{"start":{"line":84,"column":6},"end":{"line":84,"column":47}}},"fnMap":{"0":{"name":"(anonymous_0)","decl":{"start":{"line":9,"column":32},"end":{"line":9,"column":33}},"loc":{"start":{"line":9,"column":51},"end":{"line":12,"column":1}},"line":9},"1":{"name":"(anonymous_1)","decl":{"start":{"line":14,"column":40},"end":{"line":14,"column":41}},"loc":{"start":{"line":14,"column":53},"end":{"line":17,"column":1}},"line":14},"2":{"name":"(anonymous_2)","decl":{"start":{"line":19,"column":25},"end":{"line":19,"column":26}},"loc":{"start":{"line":20,"column":2},"end":{"line":22,"column":3}},"line":20},"3":{"name":"(anonymous_3)","decl":{"start":{"line":21,"column":4},"end":{"line":21,"column":5}},"loc":{"start":{"line":21,"column":26},"end":{"line":21,"column":72}},"line":21},"4":{"name":"(anonymous_4)","decl":{"start":{"line":24,"column":41},"end":{"line":24,"column":42}},"loc":{"start":{"line":24,"column":54},"end":{"line":29,"column":1}},"line":24},"5":{"name":"(anonymous_5)","decl":{"start":{"line":26,"column":4},"end":{"line":26,"column":5}},"loc":{"start":{"line":26,"column":16},"end":{"line":26,"column":64}},"line":26},"6":{"name":"(anonymous_6)","decl":{"start":{"line":31,"column":36},"end":{"line":31,"column":37}},"loc":{"start":{"line":31,"column":48},"end":{"line":36,"column":1}},"line":31},"7":{"name":"(anonymous_7)","decl":{"start":{"line":33,"column":4},"end":{"line":33,"column":5}},"loc":{"start":{"line":33,"column":14},"end":{"line":33,"column":64}},"line":33},"8":{"name":"(anonymous_8)","decl":{"start":{"line":38,"column":28},"end":{"line":38,"column":29}},"loc":{"start":{"line":39,"column":2},"end":{"line":45,"column":4}},"line":39},"9":{"name":"(anonymous_9)","decl":{"start":{"line":39,"column":13},"end":{"line":39,"column":14}},"loc":{"start":{"line":39,"column":28},"end":{"line":45,"column":3}},"line":39},"10":{"name":"(anonymous_10)","decl":{"start":{"line":47,"column":37},"end":{"line":47,"column":38}},"loc":{"start":{"line":48,"column":2},"end":{"line":51,"column":25}},"line":48},"11":{"name":"(anonymous_11)","decl":{"start":{"line":50,"column":9},"end":{"line":50,"column":10}},"loc":{"start":{"line":50,"column":26},"end":{"line":50,"column":33}},"line":50},"12":{"name":"(anonymous_12)","decl":{"start":{"line":51,"column":12},"end":{"line":51,"column":13}},"loc":{"start":{"line":51,"column":20},"end":{"line":51,"column":24}},"line":51},"13":{"name":"(anonymous_13)","decl":{"start":{"line":53,"column":28},"end":{"line":53,"column":29}},"loc":{"start":{"line":53,"column":43},"end":{"line":70,"column":1}},"line":53},"14":{"name":"(anonymous_14)","decl":{"start":{"line":59,"column":33},"end":{"line":59,"column":34}},"loc":{"start":{"line":59,"column":43},"end":{"line":66,"column":5}},"line":59},"15":{"name":"(anonymous_15)","decl":{"start":{"line":72,"column":31},"end":{"line":72,"column":32}},"loc":{"start":{"line":72,"column":79},"end":{"line":87,"column":1}},"line":72},"16":{"name":"(anonymous_16)","decl":{"start":{"line":74,"column":37},"end":{"line":74,"column":38}},"loc":{"start":{"line":74,"column":48},"end":{"line":74,"column":73}},"line":74},"17":{"name":"(anonymous_17)","decl":{"start":{"line":76,"column":6},"end":{"line":76,"column":7}},"loc":{"start":{"line":77,"column":8},"end":{"line":79,"column":9}},"line":77},"18":{"name":"(anonymous_18)","decl":{"start":{"line":78,"column":10},"end":{"line":78,"column":11}},"loc":{"start":{"line":78,"column":18},"end":{"line":78,"column":66}},"line":78}},"branchMap":{"0":{"loc":{"start":{"line":21,"column":26},"end":{"line":21,"column":72}},"type":"binary-expr","locations":[{"start":{"line":21,"column":26},"end":{"line":21,"column":46}},{"start":{"line":21,"column":50},"end":{"line":21,"column":72}}],"line":21},"1":{"loc":{"start":{"line":28,"column":9},"end":{"line":28,"column":36}},"type":"cond-expr","locations":[{"start":{"line":28,"column":17},"end":{"line":28,"column":29}},{"start":{"line":28,"column":32},"end":{"line":28,"column":36}}],"line":28},"2":{"loc":{"start":{"line":35,"column":9},"end":{"line":35,"column":46}},"type":"cond-expr","locations":[{"start":{"line":35,"column":26},"end":{"line":35,"column":39}},{"start":{"line":35,"column":42},"end":{"line":35,"column":46}}],"line":35},"3":{"loc":{"start":{"line":72,"column":32},"end":{"line":72,"column":43}},"type":"default-arg","locations":[{"start":{"line":72,"column":41},"end":{"line":72,"column":43}}],"line":72},"4":{"loc":{"start":{"line":72,"column":45},"end":{"line":72,"column":58}},"type":"default-arg","locations":[{"start":{"line":72,"column":56},"end":{"line":72,"column":58}}],"line":72},"5":{"loc":{"start":{"line":72,"column":60},"end":{"line":72,"column":74}},"type":"default-arg","locations":[{"start":{"line":72,"column":72},"end":{"line":72,"column":74}}],"line":72},"6":{"loc":{"start":{"line":73,"column":2},"end":{"line":86,"column":3}},"type":"if","locations":[{"start":{"line":73,"column":2},"end":{"line":86,"column":3}},{"start":{},"end":{}}],"line":73},"7":{"loc":{"start":{"line":83,"column":4},"end":{"line":85,"column":5}},"type":"if","locations":[{"start":{"line":83,"column":4},"end":{"line":85,"column":5}},{"start":{},"end":{}}],"line":83}},"s":{"0":1,"1":1,"2":1,"3":1,"4":2,"5":1,"6":3,"7":3,"8":1,"9":2,"10":13075,"11":2,"12":1,"13":3,"14":34812,"15":3,"16":1,"17":2,"18":2,"19":1,"20":4,"21":10,"22":10,"23":1,"24":2,"25":2,"26":2,"27":2,"28":1,"29":1,"30":1,"31":1,"32":7,"33":4,"34":4,"35":4,"36":4,"37":4,"38":4,"39":4,"40":1},"f":{"0":1,"1":2,"2":3,"3":3,"4":2,"5":13075,"6":3,"7":34812,"8":2,"9":2,"10":4,"11":10,"12":10,"13":2,"14":1,"15":7,"16":4,"17":4,"18":4},"b":{"0":[3,2],"1":[1,1],"2":[2,1],"3":[1],"4":[1],"5":[1],"6":[4,3],"7":[1,3]},"_coverageSchema":"1a1c01bbd47fc00a2c39e90264f33305004495a9","hash":"bdb0c06cf13fa560b1865b90ab67b0f7657ffd95"}
,"/Users/jesper/dev/crypto-price-sniffer/src/messages.en.js": {"path":"/Users/jesper/dev/crypto-price-sniffer/src/messages.en.js","statementMap":{"0":{"start":{"line":1,"column":44},"end":{"line":6,"column":1}},"1":{"start":{"line":2,"column":2},"end":{"line":5,"column":92}},"2":{"start":{"line":8,"column":38},"end":{"line":13,"column":1}},"3":{"start":{"line":9,"column":2},"end":{"line":12,"column":6}}},"fnMap":{"0":{"name":"(anonymous_0)","decl":{"start":{"line":1,"column":44},"end":{"line":1,"column":45}},"loc":{"start":{"line":1,"column":63},"end":{"line":6,"column":1}},"line":1},"1":{"name":"(anonymous_1)","decl":{"start":{"line":8,"column":38},"end":{"line":8,"column":39}},"loc":{"start":{"line":8,"column":51},"end":{"line":13,"column":1}},"line":8}},"branchMap":{},"s":{"0":1,"1":0,"2":1,"3":0},"f":{"0":0,"1":0},"b":{},"_coverageSchema":"1a1c01bbd47fc00a2c39e90264f33305004495a9","hash":"4308aedc00cc2f03c97aa41202510abb05406d0d"}
}
