TN:
SF:src/helpers.js
FN:9,(anonymous_0)
FN:14,(anonymous_1)
FN:19,(anonymous_2)
FN:21,(anonymous_3)
FN:24,(anonymous_4)
FN:26,(anonymous_5)
FN:31,(anonymous_6)
FN:33,(anonymous_7)
FN:38,(anonymous_8)
FN:39,(anonymous_9)
FN:47,(anonymous_10)
FN:50,(anonymous_11)
FN:51,(anonymous_12)
FN:53,(anonymous_13)
FN:59,(anonymous_14)
FN:72,(anonymous_15)
FN:74,(anonymous_16)
FN:76,(anonymous_17)
FN:78,(anonymous_18)
FNF:19
FNH:19
FNDA:1,(anonymous_0)
FNDA:2,(anonymous_1)
FNDA:3,(anonymous_2)
FNDA:3,(anonymous_3)
FNDA:2,(anonymous_4)
FNDA:13075,(anonymous_5)
FNDA:3,(anonymous_6)
FNDA:34812,(anonymous_7)
FNDA:2,(anonymous_8)
FNDA:2,(anonymous_9)
FNDA:4,(anonymous_10)
FNDA:10,(anonymous_11)
FNDA:10,(anonymous_12)
FNDA:2,(anonymous_13)
FNDA:1,(anonymous_14)
FNDA:7,(anonymous_15)
FNDA:4,(anonymous_16)
FNDA:4,(anonymous_17)
FNDA:4,(anonymous_18)
DA:7,1
DA:9,1
DA:11,1
DA:14,1
DA:16,2
DA:19,1
DA:20,3
DA:21,3
DA:24,1
DA:25,2
DA:26,13075
DA:28,2
DA:31,1
DA:32,3
DA:33,34812
DA:35,3
DA:38,1
DA:39,2
DA:40,2
DA:47,1
DA:48,4
DA:50,10
DA:51,10
DA:53,1
DA:54,2
DA:55,2
DA:57,2
DA:58,2
DA:59,1
DA:68,1
DA:72,1
DA:73,7
DA:74,4
DA:75,4
DA:77,4
DA:78,4
DA:82,4
DA:83,4
DA:84,1
LF:39
LH:39
BRDA:21,0,0,3
BRDA:21,0,1,2
BRDA:28,1,0,1
BRDA:28,1,1,1
BRDA:35,2,0,2
BRDA:35,2,1,1
BRDA:72,3,0,1
BRDA:72,4,0,1
BRDA:72,5,0,1
BRDA:73,6,0,4
BRDA:73,6,1,3
BRDA:83,7,0,1
BRDA:83,7,1,3
BRF:13
BRH:13
end_of_record
TN:
SF:src/messages.en.js
FN:1,(anonymous_0)
FN:8,(anonymous_1)
FNF:2
FNH:0
FNDA:0,(anonymous_0)
FNDA:0,(anonymous_1)
DA:1,1
DA:2,0
DA:8,1
DA:9,0
LF:4
LH:2
BRF:0
BRH:0
end_of_record
