TN:
SF:src/app.js
FN:14,(anonymous_0)
FNF:1
FNH:1
FNDA:2,(anonymous_0)
DA:2,1
DA:7,1
DA:8,1
DA:9,1
DA:11,1
DA:12,1
DA:14,1
DA:15,2
DA:16,2
DA:17,2
DA:18,2
DA:23,2
DA:24,1
DA:27,1
LF:14
LH:14
BRDA:23,0,0,1
BRDA:23,0,1,1
BRF:2
BRH:2
end_of_record
TN:
SF:src/db.js
FN:17,(anonymous_0)
FN:37,(anonymous_1)
FN:45,(anonymous_2)
FN:67,(anonymous_3)
FN:68,(anonymous_4)
FN:69,(anonymous_5)
FN:73,(anonymous_6)
FNF:7
FNH:5
FNDA:2,(anonymous_0)
FNDA:0,(anonymous_1)
FNDA:0,(anonymous_2)
FNDA:1,(anonymous_3)
FNDA:2,(anonymous_4)
FNDA:3,(anonymous_5)
FNDA:1,(anonymous_6)
DA:2,2
DA:12,2
DA:13,2
DA:14,2
DA:15,2
DA:17,2
DA:18,2
DA:19,2
DA:20,2
DA:21,2
DA:22,2
DA:24,2
DA:25,2
DA:26,2
DA:27,1
DA:29,2
DA:32,0
DA:37,2
DA:38,0
DA:39,0
DA:40,0
DA:41,0
DA:42,0
DA:44,0
DA:46,0
DA:53,0
DA:55,0
DA:59,0
DA:62,0
DA:63,0
DA:67,2
DA:68,1
DA:69,3
DA:70,2
DA:73,2
DA:78,1
DA:79,1
DA:80,1
DA:81,1
DA:82,1
DA:86,1
DA:87,1
DA:88,0
DA:92,0
DA:93,0
DA:94,0
DA:95,0
DA:96,0
DA:99,0
DA:101,1
DA:102,1
DA:105,0
DA:106,0
LF:53
LH:31
BRDA:26,0,0,1
BRDA:26,0,1,1
BRDA:46,1,0,0
BRDA:46,1,1,0
BRDA:70,2,0,2
BRDA:70,2,1,0
BRDA:70,3,0,2
BRDA:70,3,1,2
BRDA:87,4,0,0
BRDA:87,4,1,1
BRDA:96,5,0,0
BRDA:96,5,1,0
BRF:12
BRH:6
end_of_record
TN:
SF:src/helpers.js
FN:9,(anonymous_0)
FN:14,(anonymous_1)
FN:19,(anonymous_2)
FN:21,(anonymous_3)
FN:24,(anonymous_4)
FN:26,(anonymous_5)
FN:31,(anonymous_6)
FN:33,(anonymous_7)
FN:38,(anonymous_8)
FN:39,(anonymous_9)
FN:47,(anonymous_10)
FN:50,(anonymous_11)
FN:51,(anonymous_12)
FN:53,(anonymous_13)
FN:59,(anonymous_14)
FN:72,(anonymous_15)
FN:74,(anonymous_16)
FN:76,(anonymous_17)
FN:78,(anonymous_18)
FNF:19
FNH:19
FNDA:1,(anonymous_0)
FNDA:2,(anonymous_1)
FNDA:3,(anonymous_2)
FNDA:3,(anonymous_3)
FNDA:2,(anonymous_4)
FNDA:13075,(anonymous_5)
FNDA:3,(anonymous_6)
FNDA:34812,(anonymous_7)
FNDA:2,(anonymous_8)
FNDA:2,(anonymous_9)
FNDA:4,(anonymous_10)
FNDA:10,(anonymous_11)
FNDA:10,(anonymous_12)
FNDA:2,(anonymous_13)
FNDA:1,(anonymous_14)
FNDA:7,(anonymous_15)
FNDA:4,(anonymous_16)
FNDA:4,(anonymous_17)
FNDA:4,(anonymous_18)
DA:7,3
DA:9,3
DA:11,1
DA:14,3
DA:16,2
DA:19,3
DA:20,3
DA:21,3
DA:24,3
DA:25,2
DA:26,13075
DA:28,2
DA:31,3
DA:32,3
DA:33,34812
DA:35,3
DA:38,3
DA:39,2
DA:40,2
DA:47,3
DA:48,4
DA:50,10
DA:51,10
DA:53,3
DA:54,2
DA:55,2
DA:57,2
DA:58,2
DA:59,1
DA:68,1
DA:72,3
DA:73,7
DA:74,4
DA:75,4
DA:77,4
DA:78,4
DA:82,4
DA:83,4
DA:84,1
LF:39
LH:39
BRDA:21,0,0,3
BRDA:21,0,1,2
BRDA:28,1,0,1
BRDA:28,1,1,1
BRDA:35,2,0,2
BRDA:35,2,1,1
BRDA:72,3,0,1
BRDA:72,4,0,1
BRDA:72,5,0,1
BRDA:73,6,0,4
BRDA:73,6,1,3
BRDA:83,7,0,1
BRDA:83,7,1,3
BRF:13
BRH:13
end_of_record
